# JRE version: OpenJDK Runtime Environment Temurin-17.0.6+10 (17.0.6+10) (build 17.0.6+10)
# Java VM: OpenJDK 64-Bit Server VM Temurin-17.0.6+10 (17.0.6+10, mixed mode, emulated-client, tiered, compressed oops, compressed class ptrs, g1 gc, windows-amd64)
GC Precious Log:
 CPUs: 4 total, 4 available
 Memory: 8090M
 Large Page Support: Disabled
 NUMA Support: Disabled
 Compressed Oops: Enabled (32-bit)
 Heap Region Size: 1M
 Heap Min Capacity: 8M
 Heap Initial Capacity: 128M
 Heap Max Capacity: 1G
 Pre-touch: Disabled
 Parallel Workers: 4
 Concurrent Workers: 1
 Concurrent Refinement Workers: 4
 Periodic GC: Disabled
Heap:
 garbage-first heap   total 86016K, used 25732K [0x00000000c0000000, 0x0000000100000000)
  region size 1024K, 1 young (1024K), 0 survivors (0K)
 Metaspace       used 46209K, committed 46592K, reserved 1089536K
  class space    used 6615K, committed 6784K, reserved 1048576K
GC Heap History (20 events):
Event: 420987.273 GC heap before
{Heap before GC invocations=39227 (full 39120):
 garbage-first heap   total 86016K, used 25732K [0x00000000c0000000, 0x0000000100000000)
  region size 1024K, 1 young (1024K), 0 survivors (0K)
 Metaspace       used 46209K, committed 46592K, reserved 1089536K
  class space    used 6615K, committed 6784K, reserved 1048576K
}
Event: 420987.321 GC heap after
{Heap after GC invocations=39228 (full 39121):
 garbage-first heap   total 86016K, used 25732K [0x00000000c0000000, 0x0000000100000000)
  region size 1024K, 0 young (0K), 0 survivors (0K)
 Metaspace       used 46209K, committed 46592K, reserved 1089536K
  class space    used 6615K, committed 6784K, reserved 1048576K
}
Event: 420997.542 GC heap before
{Heap before GC invocations=39228 (full 39121):
 garbage-first heap   total 86016K, used 25732K [0x00000000c0000000, 0x0000000100000000)
  region size 1024K, 1 young (1024K), 0 survivors (0K)
 Metaspace       used 46209K, committed 46592K, reserved 1089536K
  class space    used 6615K, committed 6784K, reserved 1048576K
}
Event: 420997.589 GC heap after
{Heap after GC invocations=39229 (full 39122):
 garbage-first heap   total 86016K, used 25732K [0x00000000c0000000, 0x0000000100000000)
  region size 1024K, 0 young (0K), 0 survivors (0K)
 Metaspace       used 46209K, committed 46592K, reserved 1089536K
  class space    used 6615K, committed 6784K, reserved 1048576K
}
Event: 421008.408 GC heap before
{Heap before GC invocations=39229 (full 39122):
 garbage-first heap   total 86016K, used 25732K [0x00000000c0000000, 0x0000000100000000)
  region size 1024K, 1 young (1024K), 0 survivors (0K)
 Metaspace       used 46209K, committed 46592K, reserved 1089536K
  class space    used 6615K, committed 6784K, reserved 1048576K
}
Event: 421008.470 GC heap after
{Heap after GC invocations=39230 (full 39123):
 garbage-first heap   total 86016K, used 25732K [0x00000000c0000000, 0x0000000100000000)
  region size 1024K, 0 young (0K), 0 survivors (0K)
 Metaspace       used 46209K, committed 46592K, reserved 1089536K
  class space    used 6615K, committed 6784K, reserved 1048576K
}
Event: 421018.683 GC heap before
{Heap before GC invocations=39230 (full 39123):
 garbage-first heap   total 86016K, used 25732K [0x00000000c0000000, 0x0000000100000000)
  region size 1024K, 1 young (1024K), 0 survivors (0K)
 Metaspace       used 46209K, committed 46592K, reserved 1089536K
  class space    used 6615K, committed 6784K, reserved 1048576K
}
Event: 421018.725 GC heap after
{Heap after GC invocations=39231 (full 39124):
 garbage-first heap   total 86016K, used 25732K [0x00000000c0000000, 0x0000000100000000)
  region size 1024K, 0 young (0K), 0 survivors (0K)
 Metaspace       used 46209K, committed 46592K, reserved 1089536K
  class space    used 6615K, committed 6784K, reserved 1048576K
}
Event: 421029.156 GC heap before
{Heap before GC invocations=39231 (full 39124):
 garbage-first heap   total 86016K, used 25732K [0x00000000c0000000, 0x0000000100000000)
  region size 1024K, 1 young (1024K), 0 survivors (0K)
 Metaspace       used 46209K, committed 46592K, reserved 1089536K
  class space    used 6615K, committed 6784K, reserved 1048576K
}
Event: 421029.210 GC heap after
{Heap after GC invocations=39232 (full 39125):
 garbage-first heap   total 86016K, used 25732K [0x00000000c0000000, 0x0000000100000000)
  region size 1024K, 0 young (0K), 0 survivors (0K)
 Metaspace       used 46209K, committed 46592K, reserved 1089536K
  class space    used 6615K, committed 6784K, reserved 1048576K
}
Event: 421039.418 GC heap before
{Heap before GC invocations=39232 (full 39125):
 garbage-first heap   total 86016K, used 25732K [0x00000000c0000000, 0x0000000100000000)
  region size 1024K, 1 young (1024K), 0 survivors (0K)
 Metaspace       used 46209K, committed 46592K, reserved 1089536K
  class space    used 6615K, committed 6784K, reserved 1048576K
}
Event: 421039.466 GC heap after
{Heap after GC invocations=39233 (full 39126):
 garbage-first heap   total 86016K, used 25732K [0x00000000c0000000, 0x0000000100000000)
  region size 1024K, 0 young (0K), 0 survivors (0K)
 Metaspace       used 46209K, committed 46592K, reserved 1089536K
  class space    used 6615K, committed 6784K, reserved 1048576K
}
Event: 421049.670 GC heap before
{Heap before GC invocations=39233 (full 39126):
 garbage-first heap   total 86016K, used 25732K [0x00000000c0000000, 0x0000000100000000)
  region size 1024K, 1 young (1024K), 0 survivors (0K)
 Metaspace       used 46209K, committed 46592K, reserved 1089536K
  class space    used 6615K, committed 6784K, reserved 1048576K
}
Event: 421049.714 GC heap after
{Heap after GC invocations=39234 (full 39127):
 garbage-first heap   total 86016K, used 25732K [0x00000000c0000000, 0x0000000100000000)
  region size 1024K, 0 young (0K), 0 survivors (0K)
 Metaspace       used 46209K, committed 46592K, reserved 1089536K
  class space    used 6615K, committed 6784K, reserved 1048576K
}
Event: 421059.932 GC heap before
{Heap before GC invocations=39234 (full 39127):
 garbage-first heap   total 86016K, used 25732K [0x00000000c0000000, 0x0000000100000000)
  region size 1024K, 1 young (1024K), 0 survivors (0K)
 Metaspace       used 46209K, committed 46592K, reserved 1089536K
  class space    used 6615K, committed 6784K, reserved 1048576K
}
Event: 421059.975 GC heap after
{Heap after GC invocations=39235 (full 39128):
 garbage-first heap   total 86016K, used 25732K [0x00000000c0000000, 0x0000000100000000)
  region size 1024K, 0 young (0K), 0 survivors (0K)
 Metaspace       used 46209K, committed 46592K, reserved 1089536K
  class space    used 6615K, committed 6784K, reserved 1048576K
}
Event: 421070.254 GC heap before
{Heap before GC invocations=39235 (full 39128):
 garbage-first heap   total 86016K, used 25732K [0x00000000c0000000, 0x0000000100000000)
  region size 1024K, 1 young (1024K), 0 survivors (0K)
 Metaspace       used 46209K, committed 46592K, reserved 1089536K
  class space    used 6615K, committed 6784K, reserved 1048576K
}
Event: 421070.315 GC heap after
{Heap after GC invocations=39236 (full 39129):
 garbage-first heap   total 86016K, used 25732K [0x00000000c0000000, 0x0000000100000000)
  region size 1024K, 0 young (0K), 0 survivors (0K)
 Metaspace       used 46209K, committed 46592K, reserved 1089536K
  class space    used 6615K, committed 6784K, reserved 1048576K
}
Event: 421080.548 GC heap before
{Heap before GC invocations=39236 (full 39129):
 garbage-first heap   total 86016K, used 25732K [0x00000000c0000000, 0x0000000100000000)
  region size 1024K, 1 young (1024K), 0 survivors (0K)
 Metaspace       used 46209K, committed 46592K, reserved 1089536K
  class space    used 6615K, committed 6784K, reserved 1048576K
}
Event: 421080.595 GC heap after
{Heap after GC invocations=39237 (full 39130):
 garbage-first heap   total 86016K, used 25732K [0x00000000c0000000, 0x0000000100000000)
  region size 1024K, 0 young (0K), 0 survivors (0K)
 Metaspace       used 46209K, committed 46592K, reserved 1089536K
  class space    used 6615K, committed 6784K, reserved 1048576K
}

