# JRE version: OpenJDK Runtime Environment Temurin-17.0.6+10 (17.0.6+10) (build 17.0.6+10)
# Java VM: OpenJDK 64-Bit Server VM Temurin-17.0.6+10 (17.0.6+10, mixed mode, emulated-client, tiered, compressed oops, compressed class ptrs, g1 gc, windows-amd64)
GC Precious Log:
 CPUs: 4 total, 4 available
 Memory: 8090M
 Large Page Support: Disabled
 NUMA Support: Disabled
 Compressed Oops: Enabled (32-bit)
 Heap Region Size: 1M
 Heap Min Capacity: 8M
 Heap Initial Capacity: 128M
 Heap Max Capacity: 1G
 Pre-touch: Disabled
 Parallel Workers: 4
 Concurrent Workers: 1
 Concurrent Refinement Workers: 4
 Periodic GC: Disabled
Heap:
 garbage-first heap   total 296960K, used 88171K [0x00000000c0000000, 0x0000000100000000)
  region size 1024K, 1 young (1024K), 0 survivors (0K)
 Metaspace       used 70168K, committed 70912K, reserved 1114112K
  class space    used 9561K, committed 9856K, reserved 1048576K
GC Heap History (20 events):
Event: 1513.146 GC heap before
{Heap before GC invocations=189 (full 126):
 garbage-first heap   total 296960K, used 88170K [0x00000000c0000000, 0x0000000100000000)
  region size 1024K, 1 young (1024K), 0 survivors (0K)
 Metaspace       used 70168K, committed 70912K, reserved 1114112K
  class space    used 9561K, committed 9856K, reserved 1048576K
}
Event: 1513.251 GC heap after
{Heap after GC invocations=190 (full 127):
 garbage-first heap   total 296960K, used 88170K [0x00000000c0000000, 0x0000000100000000)
  region size 1024K, 0 young (0K), 0 survivors (0K)
 Metaspace       used 70168K, committed 70912K, reserved 1114112K
  class space    used 9561K, committed 9856K, reserved 1048576K
}
Event: 1523.486 GC heap before
{Heap before GC invocations=190 (full 127):
 garbage-first heap   total 296960K, used 88170K [0x00000000c0000000, 0x0000000100000000)
  region size 1024K, 1 young (1024K), 0 survivors (0K)
 Metaspace       used 70168K, committed 70912K, reserved 1114112K
  class space    used 9561K, committed 9856K, reserved 1048576K
}
Event: 1523.567 GC heap after
{Heap after GC invocations=191 (full 128):
 garbage-first heap   total 296960K, used 88171K [0x00000000c0000000, 0x0000000100000000)
  region size 1024K, 0 young (0K), 0 survivors (0K)
 Metaspace       used 70168K, committed 70912K, reserved 1114112K
  class space    used 9561K, committed 9856K, reserved 1048576K
}
Event: 1533.811 GC heap before
{Heap before GC invocations=191 (full 128):
 garbage-first heap   total 296960K, used 88171K [0x00000000c0000000, 0x0000000100000000)
  region size 1024K, 1 young (1024K), 0 survivors (0K)
 Metaspace       used 70168K, committed 70912K, reserved 1114112K
  class space    used 9561K, committed 9856K, reserved 1048576K
}
Event: 1533.890 GC heap after
{Heap after GC invocations=192 (full 129):
 garbage-first heap   total 296960K, used 88171K [0x00000000c0000000, 0x0000000100000000)
  region size 1024K, 0 young (0K), 0 survivors (0K)
 Metaspace       used 70168K, committed 70912K, reserved 1114112K
  class space    used 9561K, committed 9856K, reserved 1048576K
}
Event: 1544.125 GC heap before
{Heap before GC invocations=192 (full 129):
 garbage-first heap   total 296960K, used 88171K [0x00000000c0000000, 0x0000000100000000)
  region size 1024K, 1 young (1024K), 0 survivors (0K)
 Metaspace       used 70168K, committed 70912K, reserved 1114112K
  class space    used 9561K, committed 9856K, reserved 1048576K
}
Event: 1544.203 GC heap after
{Heap after GC invocations=193 (full 130):
 garbage-first heap   total 296960K, used 88171K [0x00000000c0000000, 0x0000000100000000)
  region size 1024K, 0 young (0K), 0 survivors (0K)
 Metaspace       used 70168K, committed 70912K, reserved 1114112K
  class space    used 9561K, committed 9856K, reserved 1048576K
}
Event: 1554.433 GC heap before
{Heap before GC invocations=193 (full 130):
 garbage-first heap   total 296960K, used 88171K [0x00000000c0000000, 0x0000000100000000)
  region size 1024K, 1 young (1024K), 0 survivors (0K)
 Metaspace       used 70168K, committed 70912K, reserved 1114112K
  class space    used 9561K, committed 9856K, reserved 1048576K
}
Event: 1554.513 GC heap after
{Heap after GC invocations=194 (full 131):
 garbage-first heap   total 296960K, used 88171K [0x00000000c0000000, 0x0000000100000000)
  region size 1024K, 0 young (0K), 0 survivors (0K)
 Metaspace       used 70168K, committed 70912K, reserved 1114112K
  class space    used 9561K, committed 9856K, reserved 1048576K
}
Event: 1564.887 GC heap before
{Heap before GC invocations=194 (full 131):
 garbage-first heap   total 296960K, used 88171K [0x00000000c0000000, 0x0000000100000000)
  region size 1024K, 1 young (1024K), 0 survivors (0K)
 Metaspace       used 70168K, committed 70912K, reserved 1114112K
  class space    used 9561K, committed 9856K, reserved 1048576K
}
Event: 1564.965 GC heap after
{Heap after GC invocations=195 (full 132):
 garbage-first heap   total 296960K, used 88171K [0x00000000c0000000, 0x0000000100000000)
  region size 1024K, 0 young (0K), 0 survivors (0K)
 Metaspace       used 70168K, committed 70912K, reserved 1114112K
  class space    used 9561K, committed 9856K, reserved 1048576K
}
Event: 1575.181 GC heap before
{Heap before GC invocations=195 (full 132):
 garbage-first heap   total 296960K, used 88171K [0x00000000c0000000, 0x0000000100000000)
  region size 1024K, 1 young (1024K), 0 survivors (0K)
 Metaspace       used 70168K, committed 70912K, reserved 1114112K
  class space    used 9561K, committed 9856K, reserved 1048576K
}
Event: 1575.260 GC heap after
{Heap after GC invocations=196 (full 133):
 garbage-first heap   total 296960K, used 88171K [0x00000000c0000000, 0x0000000100000000)
  region size 1024K, 0 young (0K), 0 survivors (0K)
 Metaspace       used 70168K, committed 70912K, reserved 1114112K
  class space    used 9561K, committed 9856K, reserved 1048576K
}
Event: 1585.468 GC heap before
{Heap before GC invocations=196 (full 133):
 garbage-first heap   total 296960K, used 88171K [0x00000000c0000000, 0x0000000100000000)
  region size 1024K, 1 young (1024K), 0 survivors (0K)
 Metaspace       used 70168K, committed 70912K, reserved 1114112K
  class space    used 9561K, committed 9856K, reserved 1048576K
}
Event: 1585.547 GC heap after
{Heap after GC invocations=197 (full 134):
 garbage-first heap   total 296960K, used 88171K [0x00000000c0000000, 0x0000000100000000)
  region size 1024K, 0 young (0K), 0 survivors (0K)
 Metaspace       used 70168K, committed 70912K, reserved 1114112K
  class space    used 9561K, committed 9856K, reserved 1048576K
}
Event: 1596.165 GC heap before
{Heap before GC invocations=197 (full 134):
 garbage-first heap   total 296960K, used 88171K [0x00000000c0000000, 0x0000000100000000)
  region size 1024K, 1 young (1024K), 0 survivors (0K)
 Metaspace       used 70168K, committed 70912K, reserved 1114112K
  class space    used 9561K, committed 9856K, reserved 1048576K
}
Event: 1596.247 GC heap after
{Heap after GC invocations=198 (full 135):
 garbage-first heap   total 296960K, used 88171K [0x00000000c0000000, 0x0000000100000000)
  region size 1024K, 0 young (0K), 0 survivors (0K)
 Metaspace       used 70168K, committed 70912K, reserved 1114112K
  class space    used 9561K, committed 9856K, reserved 1048576K
}
Event: 1607.267 GC heap before
{Heap before GC invocations=198 (full 135):
 garbage-first heap   total 296960K, used 88171K [0x00000000c0000000, 0x0000000100000000)
  region size 1024K, 1 young (1024K), 0 survivors (0K)
 Metaspace       used 70168K, committed 70912K, reserved 1114112K
  class space    used 9561K, committed 9856K, reserved 1048576K
}
Event: 1607.350 GC heap after
{Heap after GC invocations=199 (full 136):
 garbage-first heap   total 296960K, used 88171K [0x00000000c0000000, 0x0000000100000000)
  region size 1024K, 0 young (0K), 0 survivors (0K)
 Metaspace       used 70168K, committed 70912K, reserved 1114112K
  class space    used 9561K, committed 9856K, reserved 1048576K
}

