# JRE version: OpenJDK Runtime Environment Temurin-17.0.6+10 (17.0.6+10) (build 17.0.6+10)
# Java VM: OpenJDK 64-Bit Server VM Temurin-17.0.6+10 (17.0.6+10, mixed mode, emulated-client, tiered, compressed oops, compressed class ptrs, g1 gc, windows-amd64)
GC Precious Log:
 CPUs: 4 total, 4 available
 Memory: 8090M
 Large Page Support: Disabled
 NUMA Support: Disabled
 Compressed Oops: Enabled (32-bit)
 Heap Region Size: 1M
 Heap Min Capacity: 8M
 Heap Initial Capacity: 128M
 Heap Max Capacity: 1G
 Pre-touch: Disabled
 Parallel Workers: 4
 Concurrent Workers: 1
 Concurrent Refinement Workers: 4
 Periodic GC: Disabled
Heap:
 garbage-first heap   total 133120K, used 38653K [0x00000000c0000000, 0x0000000100000000)
  region size 1024K, 1 young (1024K), 0 survivors (0K)
 Metaspace       used 63018K, committed 63744K, reserved 1105920K
  class space    used 8792K, committed 9088K, reserved 1048576K
GC Heap History (20 events):
Event: 785.306 GC heap before
{Heap before GC invocations=110 (full 50):
 garbage-first heap   total 133120K, used 38653K [0x00000000c0000000, 0x0000000100000000)
  region size 1024K, 1 young (1024K), 0 survivors (0K)
 Metaspace       used 63017K, committed 63744K, reserved 1105920K
  class space    used 8792K, committed 9088K, reserved 1048576K
}
Event: 785.357 GC heap after
{Heap after GC invocations=111 (full 51):
 garbage-first heap   total 133120K, used 38653K [0x00000000c0000000, 0x0000000100000000)
  region size 1024K, 0 young (0K), 0 survivors (0K)
 Metaspace       used 63017K, committed 63744K, reserved 1105920K
  class space    used 8792K, committed 9088K, reserved 1048576K
}
Event: 795.545 GC heap before
{Heap before GC invocations=111 (full 51):
 garbage-first heap   total 133120K, used 38653K [0x00000000c0000000, 0x0000000100000000)
  region size 1024K, 1 young (1024K), 0 survivors (0K)
 Metaspace       used 63017K, committed 63744K, reserved 1105920K
  class space    used 8792K, committed 9088K, reserved 1048576K
}
Event: 795.595 GC heap after
{Heap after GC invocations=112 (full 52):
 garbage-first heap   total 133120K, used 38653K [0x00000000c0000000, 0x0000000100000000)
  region size 1024K, 0 young (0K), 0 survivors (0K)
 Metaspace       used 63017K, committed 63744K, reserved 1105920K
  class space    used 8792K, committed 9088K, reserved 1048576K
}
Event: 806.138 GC heap before
{Heap before GC invocations=112 (full 52):
 garbage-first heap   total 133120K, used 38653K [0x00000000c0000000, 0x0000000100000000)
  region size 1024K, 1 young (1024K), 0 survivors (0K)
 Metaspace       used 63017K, committed 63744K, reserved 1105920K
  class space    used 8792K, committed 9088K, reserved 1048576K
}
Event: 806.194 GC heap after
{Heap after GC invocations=113 (full 53):
 garbage-first heap   total 133120K, used 38653K [0x00000000c0000000, 0x0000000100000000)
  region size 1024K, 0 young (0K), 0 survivors (0K)
 Metaspace       used 63017K, committed 63744K, reserved 1105920K
  class space    used 8792K, committed 9088K, reserved 1048576K
}
Event: 846.464 GC heap before
{Heap before GC invocations=113 (full 53):
 garbage-first heap   total 133120K, used 38653K [0x00000000c0000000, 0x0000000100000000)
  region size 1024K, 1 young (1024K), 0 survivors (0K)
 Metaspace       used 63017K, committed 63744K, reserved 1105920K
  class space    used 8792K, committed 9088K, reserved 1048576K
}
Event: 846.518 GC heap after
{Heap after GC invocations=114 (full 54):
 garbage-first heap   total 133120K, used 38653K [0x00000000c0000000, 0x0000000100000000)
  region size 1024K, 0 young (0K), 0 survivors (0K)
 Metaspace       used 63017K, committed 63744K, reserved 1105920K
  class space    used 8792K, committed 9088K, reserved 1048576K
}
Event: 856.778 GC heap before
{Heap before GC invocations=114 (full 54):
 garbage-first heap   total 133120K, used 38653K [0x00000000c0000000, 0x0000000100000000)
  region size 1024K, 1 young (1024K), 0 survivors (0K)
 Metaspace       used 63017K, committed 63744K, reserved 1105920K
  class space    used 8792K, committed 9088K, reserved 1048576K
}
Event: 856.830 GC heap after
{Heap after GC invocations=115 (full 55):
 garbage-first heap   total 133120K, used 38653K [0x00000000c0000000, 0x0000000100000000)
  region size 1024K, 0 young (0K), 0 survivors (0K)
 Metaspace       used 63017K, committed 63744K, reserved 1105920K
  class space    used 8792K, committed 9088K, reserved 1048576K
}
Event: 867.204 GC heap before
{Heap before GC invocations=115 (full 55):
 garbage-first heap   total 133120K, used 38653K [0x00000000c0000000, 0x0000000100000000)
  region size 1024K, 1 young (1024K), 0 survivors (0K)
 Metaspace       used 63017K, committed 63744K, reserved 1105920K
  class space    used 8792K, committed 9088K, reserved 1048576K
}
Event: 867.258 GC heap after
{Heap after GC invocations=116 (full 56):
 garbage-first heap   total 133120K, used 38653K [0x00000000c0000000, 0x0000000100000000)
  region size 1024K, 0 young (0K), 0 survivors (0K)
 Metaspace       used 63017K, committed 63744K, reserved 1105920K
  class space    used 8792K, committed 9088K, reserved 1048576K
}
Event: 878.633 GC heap before
{Heap before GC invocations=116 (full 56):
 garbage-first heap   total 133120K, used 38653K [0x00000000c0000000, 0x0000000100000000)
  region size 1024K, 1 young (1024K), 0 survivors (0K)
 Metaspace       used 63017K, committed 63744K, reserved 1105920K
  class space    used 8792K, committed 9088K, reserved 1048576K
}
Event: 878.685 GC heap after
{Heap after GC invocations=117 (full 57):
 garbage-first heap   total 133120K, used 38653K [0x00000000c0000000, 0x0000000100000000)
  region size 1024K, 0 young (0K), 0 survivors (0K)
 Metaspace       used 63017K, committed 63744K, reserved 1105920K
  class space    used 8792K, committed 9088K, reserved 1048576K
}
Event: 919.587 GC heap before
{Heap before GC invocations=117 (full 57):
 garbage-first heap   total 133120K, used 38653K [0x00000000c0000000, 0x0000000100000000)
  region size 1024K, 1 young (1024K), 0 survivors (0K)
 Metaspace       used 63017K, committed 63744K, reserved 1105920K
  class space    used 8792K, committed 9088K, reserved 1048576K
}
Event: 919.643 GC heap after
{Heap after GC invocations=118 (full 58):
 garbage-first heap   total 133120K, used 38653K [0x00000000c0000000, 0x0000000100000000)
  region size 1024K, 0 young (0K), 0 survivors (0K)
 Metaspace       used 63017K, committed 63744K, reserved 1105920K
  class space    used 8792K, committed 9088K, reserved 1048576K
}
Event: 931.967 GC heap before
{Heap before GC invocations=118 (full 58):
 garbage-first heap   total 133120K, used 38653K [0x00000000c0000000, 0x0000000100000000)
  region size 1024K, 1 young (1024K), 0 survivors (0K)
 Metaspace       used 63017K, committed 63744K, reserved 1105920K
  class space    used 8792K, committed 9088K, reserved 1048576K
}
Event: 932.021 GC heap after
{Heap after GC invocations=119 (full 59):
 garbage-first heap   total 133120K, used 38653K [0x00000000c0000000, 0x0000000100000000)
  region size 1024K, 0 young (0K), 0 survivors (0K)
 Metaspace       used 63017K, committed 63744K, reserved 1105920K
  class space    used 8792K, committed 9088K, reserved 1048576K
}
Event: 973.378 GC heap before
{Heap before GC invocations=119 (full 59):
 garbage-first heap   total 133120K, used 38653K [0x00000000c0000000, 0x0000000100000000)
  region size 1024K, 1 young (1024K), 0 survivors (0K)
 Metaspace       used 63018K, committed 63744K, reserved 1105920K
  class space    used 8792K, committed 9088K, reserved 1048576K
}
Event: 973.432 GC heap after
{Heap after GC invocations=120 (full 60):
 garbage-first heap   total 133120K, used 38653K [0x00000000c0000000, 0x0000000100000000)
  region size 1024K, 0 young (0K), 0 survivors (0K)
 Metaspace       used 63018K, committed 63744K, reserved 1105920K
  class space    used 8792K, committed 9088K, reserved 1048576K
}

