# JRE version: OpenJDK Runtime Environment Temurin-17.0.6+10 (17.0.6+10) (build 17.0.6+10)
# Java VM: OpenJDK 64-Bit Server VM Temurin-17.0.6+10 (17.0.6+10, mixed mode, emulated-client, tiered, compressed oops, compressed class ptrs, g1 gc, windows-amd64)
GC Precious Log:
 CPUs: 4 total, 4 available
 Memory: 8090M
 Large Page Support: Disabled
 NUMA Support: Disabled
 Compressed Oops: Enabled (32-bit)
 Heap Region Size: 1M
 Heap Min Capacity: 8M
 Heap Initial Capacity: 128M
 Heap Max Capacity: 1G
 Pre-touch: Disabled
 Parallel Workers: 4
 Concurrent Workers: 1
 Concurrent Refinement Workers: 4
 Periodic GC: Disabled
Heap:
 garbage-first heap   total 45056K, used 14670K [0x00000000c0000000, 0x0000000100000000)
  region size 1024K, 1 young (1024K), 0 survivors (0K)
 Metaspace       used 35684K, committed 35968K, reserved 1081344K
  class space    used 4721K, committed 4864K, reserved 1048576K
GC Heap History (20 events):
Event: 86132.725 GC heap before
{Heap before GC invocations=2358 (full 2346):
 garbage-first heap   total 45056K, used 14670K [0x00000000c0000000, 0x0000000100000000)
  region size 1024K, 1 young (1024K), 0 survivors (0K)
 Metaspace       used 35684K, committed 35968K, reserved 1081344K
  class space    used 4721K, committed 4864K, reserved 1048576K
}
Event: 86132.748 GC heap after
{Heap after GC invocations=2359 (full 2347):
 garbage-first heap   total 45056K, used 14670K [0x00000000c0000000, 0x0000000100000000)
  region size 1024K, 0 young (0K), 0 survivors (0K)
 Metaspace       used 35684K, committed 35968K, reserved 1081344K
  class space    used 4721K, committed 4864K, reserved 1048576K
}
Event: 86143.014 GC heap before
{Heap before GC invocations=2359 (full 2347):
 garbage-first heap   total 45056K, used 14670K [0x00000000c0000000, 0x0000000100000000)
  region size 1024K, 1 young (1024K), 0 survivors (0K)
 Metaspace       used 35684K, committed 35968K, reserved 1081344K
  class space    used 4721K, committed 4864K, reserved 1048576K
}
Event: 86143.045 GC heap after
{Heap after GC invocations=2360 (full 2348):
 garbage-first heap   total 45056K, used 14670K [0x00000000c0000000, 0x0000000100000000)
  region size 1024K, 0 young (0K), 0 survivors (0K)
 Metaspace       used 35684K, committed 35968K, reserved 1081344K
  class space    used 4721K, committed 4864K, reserved 1048576K
}
Event: 86153.275 GC heap before
{Heap before GC invocations=2360 (full 2348):
 garbage-first heap   total 45056K, used 14670K [0x00000000c0000000, 0x0000000100000000)
  region size 1024K, 1 young (1024K), 0 survivors (0K)
 Metaspace       used 35684K, committed 35968K, reserved 1081344K
  class space    used 4721K, committed 4864K, reserved 1048576K
}
Event: 86153.297 GC heap after
{Heap after GC invocations=2361 (full 2349):
 garbage-first heap   total 45056K, used 14670K [0x00000000c0000000, 0x0000000100000000)
  region size 1024K, 0 young (0K), 0 survivors (0K)
 Metaspace       used 35684K, committed 35968K, reserved 1081344K
  class space    used 4721K, committed 4864K, reserved 1048576K
}
Event: 86163.506 GC heap before
{Heap before GC invocations=2361 (full 2349):
 garbage-first heap   total 45056K, used 14670K [0x00000000c0000000, 0x0000000100000000)
  region size 1024K, 1 young (1024K), 0 survivors (0K)
 Metaspace       used 35684K, committed 35968K, reserved 1081344K
  class space    used 4721K, committed 4864K, reserved 1048576K
}
Event: 86163.535 GC heap after
{Heap after GC invocations=2362 (full 2350):
 garbage-first heap   total 45056K, used 14670K [0x00000000c0000000, 0x0000000100000000)
  region size 1024K, 0 young (0K), 0 survivors (0K)
 Metaspace       used 35684K, committed 35968K, reserved 1081344K
  class space    used 4721K, committed 4864K, reserved 1048576K
}
Event: 86173.760 GC heap before
{Heap before GC invocations=2362 (full 2350):
 garbage-first heap   total 45056K, used 14670K [0x00000000c0000000, 0x0000000100000000)
  region size 1024K, 1 young (1024K), 0 survivors (0K)
 Metaspace       used 35684K, committed 35968K, reserved 1081344K
  class space    used 4721K, committed 4864K, reserved 1048576K
}
Event: 86173.785 GC heap after
{Heap after GC invocations=2363 (full 2351):
 garbage-first heap   total 45056K, used 14670K [0x00000000c0000000, 0x0000000100000000)
  region size 1024K, 0 young (0K), 0 survivors (0K)
 Metaspace       used 35684K, committed 35968K, reserved 1081344K
  class space    used 4721K, committed 4864K, reserved 1048576K
}
Event: 86184.098 GC heap before
{Heap before GC invocations=2363 (full 2351):
 garbage-first heap   total 45056K, used 14670K [0x00000000c0000000, 0x0000000100000000)
  region size 1024K, 1 young (1024K), 0 survivors (0K)
 Metaspace       used 35684K, committed 35968K, reserved 1081344K
  class space    used 4721K, committed 4864K, reserved 1048576K
}
Event: 86184.128 GC heap after
{Heap after GC invocations=2364 (full 2352):
 garbage-first heap   total 45056K, used 14670K [0x00000000c0000000, 0x0000000100000000)
  region size 1024K, 0 young (0K), 0 survivors (0K)
 Metaspace       used 35684K, committed 35968K, reserved 1081344K
  class space    used 4721K, committed 4864K, reserved 1048576K
}
Event: 86194.336 GC heap before
{Heap before GC invocations=2364 (full 2352):
 garbage-first heap   total 45056K, used 14670K [0x00000000c0000000, 0x0000000100000000)
  region size 1024K, 1 young (1024K), 0 survivors (0K)
 Metaspace       used 35684K, committed 35968K, reserved 1081344K
  class space    used 4721K, committed 4864K, reserved 1048576K
}
Event: 86194.359 GC heap after
{Heap after GC invocations=2365 (full 2353):
 garbage-first heap   total 45056K, used 14670K [0x00000000c0000000, 0x0000000100000000)
  region size 1024K, 0 young (0K), 0 survivors (0K)
 Metaspace       used 35684K, committed 35968K, reserved 1081344K
  class space    used 4721K, committed 4864K, reserved 1048576K
}
Event: 86204.572 GC heap before
{Heap before GC invocations=2365 (full 2353):
 garbage-first heap   total 45056K, used 14670K [0x00000000c0000000, 0x0000000100000000)
  region size 1024K, 1 young (1024K), 0 survivors (0K)
 Metaspace       used 35684K, committed 35968K, reserved 1081344K
  class space    used 4721K, committed 4864K, reserved 1048576K
}
Event: 86204.595 GC heap after
{Heap after GC invocations=2366 (full 2354):
 garbage-first heap   total 45056K, used 14670K [0x00000000c0000000, 0x0000000100000000)
  region size 1024K, 0 young (0K), 0 survivors (0K)
 Metaspace       used 35684K, committed 35968K, reserved 1081344K
  class space    used 4721K, committed 4864K, reserved 1048576K
}
Event: 86214.811 GC heap before
{Heap before GC invocations=2366 (full 2354):
 garbage-first heap   total 45056K, used 14670K [0x00000000c0000000, 0x0000000100000000)
  region size 1024K, 1 young (1024K), 0 survivors (0K)
 Metaspace       used 35684K, committed 35968K, reserved 1081344K
  class space    used 4721K, committed 4864K, reserved 1048576K
}
Event: 86214.834 GC heap after
{Heap after GC invocations=2367 (full 2355):
 garbage-first heap   total 45056K, used 14670K [0x00000000c0000000, 0x0000000100000000)
  region size 1024K, 0 young (0K), 0 survivors (0K)
 Metaspace       used 35684K, committed 35968K, reserved 1081344K
  class space    used 4721K, committed 4864K, reserved 1048576K
}
Event: 86225.943 GC heap before
{Heap before GC invocations=2367 (full 2355):
 garbage-first heap   total 45056K, used 14670K [0x00000000c0000000, 0x0000000100000000)
  region size 1024K, 1 young (1024K), 0 survivors (0K)
 Metaspace       used 35684K, committed 35968K, reserved 1081344K
  class space    used 4721K, committed 4864K, reserved 1048576K
}
Event: 86225.973 GC heap after
{Heap after GC invocations=2368 (full 2356):
 garbage-first heap   total 45056K, used 14670K [0x00000000c0000000, 0x0000000100000000)
  region size 1024K, 0 young (0K), 0 survivors (0K)
 Metaspace       used 35684K, committed 35968K, reserved 1081344K
  class space    used 4721K, committed 4864K, reserved 1048576K
}

