# JRE version: OpenJDK Runtime Environment Temurin-17.0.6+10 (17.0.6+10) (build 17.0.6+10)
# Java VM: OpenJDK 64-Bit Server VM Temurin-17.0.6+10 (17.0.6+10, mixed mode, emulated-client, tiered, compressed oops, compressed class ptrs, g1 gc, windows-amd64)
GC Precious Log:
 CPUs: 4 total, 4 available
 Memory: 8090M
 Large Page Support: Disabled
 NUMA Support: Disabled
 Compressed Oops: Enabled (32-bit)
 Heap Region Size: 1M
 Heap Min Capacity: 8M
 Heap Initial Capacity: 128M
 Heap Max Capacity: 1G
 Pre-touch: Disabled
 Parallel Workers: 4
 Concurrent Workers: 1
 Concurrent Refinement Workers: 4
 Periodic GC: Disabled
Heap:
 garbage-first heap   total 86016K, used 25222K [0x00000000c0000000, 0x0000000100000000)
  region size 1024K, 1 young (1024K), 0 survivors (0K)
 Metaspace       used 45400K, committed 45952K, reserved 1089536K
  class space    used 6470K, committed 6720K, reserved 1048576K
GC Heap History (20 events):
Event: 346158.874 GC heap before
{Heap before GC invocations=31439 (full 31346):
 garbage-first heap   total 86016K, used 25222K [0x00000000c0000000, 0x0000000100000000)
  region size 1024K, 1 young (1024K), 0 survivors (0K)
 Metaspace       used 45400K, committed 45952K, reserved 1089536K
  class space    used 6470K, committed 6720K, reserved 1048576K
}
Event: 346158.917 GC heap after
{Heap after GC invocations=31440 (full 31347):
 garbage-first heap   total 86016K, used 25222K [0x00000000c0000000, 0x0000000100000000)
  region size 1024K, 0 young (0K), 0 survivors (0K)
 Metaspace       used 45400K, committed 45952K, reserved 1089536K
  class space    used 6470K, committed 6720K, reserved 1048576K
}
Event: 346169.096 GC heap before
{Heap before GC invocations=31440 (full 31347):
 garbage-first heap   total 86016K, used 25222K [0x00000000c0000000, 0x0000000100000000)
  region size 1024K, 1 young (1024K), 0 survivors (0K)
 Metaspace       used 45400K, committed 45952K, reserved 1089536K
  class space    used 6470K, committed 6720K, reserved 1048576K
}
Event: 346169.134 GC heap after
{Heap after GC invocations=31441 (full 31348):
 garbage-first heap   total 86016K, used 25222K [0x00000000c0000000, 0x0000000100000000)
  region size 1024K, 0 young (0K), 0 survivors (0K)
 Metaspace       used 45400K, committed 45952K, reserved 1089536K
  class space    used 6470K, committed 6720K, reserved 1048576K
}
Event: 346179.361 GC heap before
{Heap before GC invocations=31441 (full 31348):
 garbage-first heap   total 86016K, used 25222K [0x00000000c0000000, 0x0000000100000000)
  region size 1024K, 1 young (1024K), 0 survivors (0K)
 Metaspace       used 45400K, committed 45952K, reserved 1089536K
  class space    used 6470K, committed 6720K, reserved 1048576K
}
Event: 346179.413 GC heap after
{Heap after GC invocations=31442 (full 31349):
 garbage-first heap   total 86016K, used 25222K [0x00000000c0000000, 0x0000000100000000)
  region size 1024K, 0 young (0K), 0 survivors (0K)
 Metaspace       used 45400K, committed 45952K, reserved 1089536K
  class space    used 6470K, committed 6720K, reserved 1048576K
}
Event: 346189.588 GC heap before
{Heap before GC invocations=31442 (full 31349):
 garbage-first heap   total 86016K, used 25222K [0x00000000c0000000, 0x0000000100000000)
  region size 1024K, 1 young (1024K), 0 survivors (0K)
 Metaspace       used 45400K, committed 45952K, reserved 1089536K
  class space    used 6470K, committed 6720K, reserved 1048576K
}
Event: 346189.630 GC heap after
{Heap after GC invocations=31443 (full 31350):
 garbage-first heap   total 86016K, used 25222K [0x00000000c0000000, 0x0000000100000000)
  region size 1024K, 0 young (0K), 0 survivors (0K)
 Metaspace       used 45400K, committed 45952K, reserved 1089536K
  class space    used 6470K, committed 6720K, reserved 1048576K
}
Event: 346199.798 GC heap before
{Heap before GC invocations=31443 (full 31350):
 garbage-first heap   total 86016K, used 25222K [0x00000000c0000000, 0x0000000100000000)
  region size 1024K, 1 young (1024K), 0 survivors (0K)
 Metaspace       used 45400K, committed 45952K, reserved 1089536K
  class space    used 6470K, committed 6720K, reserved 1048576K
}
Event: 346199.841 GC heap after
{Heap after GC invocations=31444 (full 31351):
 garbage-first heap   total 86016K, used 25222K [0x00000000c0000000, 0x0000000100000000)
  region size 1024K, 0 young (0K), 0 survivors (0K)
 Metaspace       used 45400K, committed 45952K, reserved 1089536K
  class space    used 6470K, committed 6720K, reserved 1048576K
}
Event: 346209.999 GC heap before
{Heap before GC invocations=31444 (full 31351):
 garbage-first heap   total 86016K, used 25222K [0x00000000c0000000, 0x0000000100000000)
  region size 1024K, 1 young (1024K), 0 survivors (0K)
 Metaspace       used 45400K, committed 45952K, reserved 1089536K
  class space    used 6470K, committed 6720K, reserved 1048576K
}
Event: 346210.040 GC heap after
{Heap after GC invocations=31445 (full 31352):
 garbage-first heap   total 86016K, used 25222K [0x00000000c0000000, 0x0000000100000000)
  region size 1024K, 0 young (0K), 0 survivors (0K)
 Metaspace       used 45400K, committed 45952K, reserved 1089536K
  class space    used 6470K, committed 6720K, reserved 1048576K
}
Event: 346220.442 GC heap before
{Heap before GC invocations=31445 (full 31352):
 garbage-first heap   total 86016K, used 25222K [0x00000000c0000000, 0x0000000100000000)
  region size 1024K, 1 young (1024K), 0 survivors (0K)
 Metaspace       used 45400K, committed 45952K, reserved 1089536K
  class space    used 6470K, committed 6720K, reserved 1048576K
}
Event: 346220.503 GC heap after
{Heap after GC invocations=31446 (full 31353):
 garbage-first heap   total 86016K, used 25222K [0x00000000c0000000, 0x0000000100000000)
  region size 1024K, 0 young (0K), 0 survivors (0K)
 Metaspace       used 45400K, committed 45952K, reserved 1089536K
  class space    used 6470K, committed 6720K, reserved 1048576K
}
Event: 346230.731 GC heap before
{Heap before GC invocations=31446 (full 31353):
 garbage-first heap   total 86016K, used 25222K [0x00000000c0000000, 0x0000000100000000)
  region size 1024K, 1 young (1024K), 0 survivors (0K)
 Metaspace       used 45400K, committed 45952K, reserved 1089536K
  class space    used 6470K, committed 6720K, reserved 1048576K
}
Event: 346230.766 GC heap after
{Heap after GC invocations=31447 (full 31354):
 garbage-first heap   total 86016K, used 25222K [0x00000000c0000000, 0x0000000100000000)
  region size 1024K, 0 young (0K), 0 survivors (0K)
 Metaspace       used 45400K, committed 45952K, reserved 1089536K
  class space    used 6470K, committed 6720K, reserved 1048576K
}
Event: 346241.030 GC heap before
{Heap before GC invocations=31447 (full 31354):
 garbage-first heap   total 86016K, used 25222K [0x00000000c0000000, 0x0000000100000000)
  region size 1024K, 1 young (1024K), 0 survivors (0K)
 Metaspace       used 45400K, committed 45952K, reserved 1089536K
  class space    used 6470K, committed 6720K, reserved 1048576K
}
Event: 346241.087 GC heap after
{Heap after GC invocations=31448 (full 31355):
 garbage-first heap   total 86016K, used 25222K [0x00000000c0000000, 0x0000000100000000)
  region size 1024K, 0 young (0K), 0 survivors (0K)
 Metaspace       used 45400K, committed 45952K, reserved 1089536K
  class space    used 6470K, committed 6720K, reserved 1048576K
}
Event: 346252.750 GC heap before
{Heap before GC invocations=31448 (full 31355):
 garbage-first heap   total 86016K, used 25222K [0x00000000c0000000, 0x0000000100000000)
  region size 1024K, 1 young (1024K), 0 survivors (0K)
 Metaspace       used 45400K, committed 45952K, reserved 1089536K
  class space    used 6470K, committed 6720K, reserved 1048576K
}
Event: 346252.806 GC heap after
{Heap after GC invocations=31449 (full 31356):
 garbage-first heap   total 86016K, used 25222K [0x00000000c0000000, 0x0000000100000000)
  region size 1024K, 0 young (0K), 0 survivors (0K)
 Metaspace       used 45400K, committed 45952K, reserved 1089536K
  class space    used 6470K, committed 6720K, reserved 1048576K
}

